Determining if the pthread_create exist failed with the following output:
Change Dir: /home/stingray/catkin_ws/build/CMakeFiles/CMakeTmp

Run Build Command:"/usr/bin/make" "cmTC_16c1b/fast"
/usr/bin/make -f CMakeFiles/cmTC_16c1b.dir/build.make CMakeFiles/cmTC_16c1b.dir/build
make[1]: Entering directory '/home/stingray/catkin_ws/build/CMakeFiles/CMakeTmp'
Building C object CMakeFiles/cmTC_16c1b.dir/CheckSymbolExists.c.o
/usr/bin/cc    -o CMakeFiles/cmTC_16c1b.dir/CheckSymbolExists.c.o   -c /home/stingray/catkin_ws/build/CMakeFiles/CMakeTmp/CheckSymbolExists.c
Linking C executable cmTC_16c1b
/usr/bin/cmake -E cmake_link_script CMakeFiles/cmTC_16c1b.dir/link.txt --verbose=1
/usr/bin/cc      -rdynamic CMakeFiles/cmTC_16c1b.dir/CheckSymbolExists.c.o  -o cmTC_16c1b 
CMakeFiles/cmTC_16c1b.dir/CheckSymbolExists.c.o: In function `main':
CheckSymbolExists.c:(.text+0x14): undefined reference to `pthread_create'
CheckSymbolExists.c:(.text+0x18): undefined reference to `pthread_create'
collect2: error: ld returned 1 exit status
CMakeFiles/cmTC_16c1b.dir/build.make:97: recipe for target 'cmTC_16c1b' failed
make[1]: *** [cmTC_16c1b] Error 1
make[1]: Leaving directory '/home/stingray/catkin_ws/build/CMakeFiles/CMakeTmp'
Makefile:126: recipe for target 'cmTC_16c1b/fast' failed
make: *** [cmTC_16c1b/fast] Error 2

File /home/stingray/catkin_ws/build/CMakeFiles/CMakeTmp/CheckSymbolExists.c:
/* */
#include <pthread.h>

int main(int argc, char** argv)
{
  (void)argv;
#ifndef pthread_create
  return ((int*)(&pthread_create))[argc];
#else
  (void)argc;
  return 0;
#endif
}

Determining if the function pthread_create exists in the pthreads failed with the following output:
Change Dir: /home/stingray/catkin_ws/build/CMakeFiles/CMakeTmp

Run Build Command:"/usr/bin/make" "cmTC_2b6fd/fast"
/usr/bin/make -f CMakeFiles/cmTC_2b6fd.dir/build.make CMakeFiles/cmTC_2b6fd.dir/build
make[1]: Entering directory '/home/stingray/catkin_ws/build/CMakeFiles/CMakeTmp'
Building C object CMakeFiles/cmTC_2b6fd.dir/CheckFunctionExists.c.o
/usr/bin/cc   -DCHECK_FUNCTION_EXISTS=pthread_create   -o CMakeFiles/cmTC_2b6fd.dir/CheckFunctionExists.c.o   -c /usr/share/cmake-3.10/Modules/CheckFunctionExists.c
Linking C executable cmTC_2b6fd
/usr/bin/cmake -E cmake_link_script CMakeFiles/cmTC_2b6fd.dir/link.txt --verbose=1
/usr/bin/cc  -DCHECK_FUNCTION_EXISTS=pthread_create    -rdynamic CMakeFiles/cmTC_2b6fd.dir/CheckFunctionExists.c.o  -o cmTC_2b6fd -lpthreads 
/usr/bin/ld: cannot find -lpthreads
collect2: error: ld returned 1 exit status
CMakeFiles/cmTC_2b6fd.dir/build.make:97: recipe for target 'cmTC_2b6fd' failed
make[1]: *** [cmTC_2b6fd] Error 1
make[1]: Leaving directory '/home/stingray/catkin_ws/build/CMakeFiles/CMakeTmp'
Makefile:126: recipe for target 'cmTC_2b6fd/fast' failed
make: *** [cmTC_2b6fd/fast] Error 2


